CUDA_VISIBLE_DEVICES=1 nohup python evaluate.py --scenario simple_reference --server-name server --benchmark  --perturb No --save-dir models/s1/ma_s1_e01/ --exp-name eva_ma_s1_e01_No > results/s1/eva_ma_s1_e01_No.out 2> results/s1/eva_ma_s1_e01_No.err &
------------------------sleep------------------------
CUDA_VISIBLE_DEVICES=1 nohup python evaluate.py --scenario simple_speaker_listener --server-name server --benchmark  --perturb No --save-dir models/s2/ma_s2_e01/ --exp-name eva_ma_s2_e01_No > results/s2/eva_ma_s2_e01_No.out 2> results/s2/eva_ma_s2_e01_No.err &
------------------------sleep------------------------
CUDA_VISIBLE_DEVICES=1 nohup python evaluate.py --scenario simple_spread --server-name server --benchmark  --perturb No --save-dir models/s3/ma_s3_e01/ --exp-name eva_ma_s3_e01_No > results/s3/eva_ma_s3_e01_No.out 2> results/s3/eva_ma_s3_e01_No.err &
------------------------sleep------------------------
CUDA_VISIBLE_DEVICES=1 nohup python evaluate.py --scenario simple_adversary --server-name server --benchmark  --perturb No --save-dir models/s4/ma_s4_e01/ --exp-name eva_ma_s4_e01_No > results/s4/eva_ma_s4_e01_No.out 2> results/s4/eva_ma_s4_e01_No.err &
------------------------sleep------------------------
CUDA_VISIBLE_DEVICES=1 nohup python evaluate.py --scenario simple_crypto --server-name server --benchmark  --perturb No --save-dir models/s5/ma_s5_e01/ --exp-name eva_ma_s5_e01_No > results/s5/eva_ma_s5_e01_No.out 2> results/s5/eva_ma_s5_e01_No.err &
------------------------sleep------------------------
CUDA_VISIBLE_DEVICES=1 nohup python evaluate.py --scenario simple_push --server-name server --benchmark  --perturb No --save-dir models/s6/ma_s6_e01/ --exp-name eva_ma_s6_e01_No > results/s6/eva_ma_s6_e01_No.out 2> results/s6/eva_ma_s6_e01_No.err &
------------------------sleep------------------------
CUDA_VISIBLE_DEVICES=1 nohup python evaluate.py --scenario simple_tag --server-name server --benchmark  --perturb No --save-dir models/s7/ma_s7_e01/ --exp-name eva_ma_s7_e01_No > results/s7/eva_ma_s7_e01_No.out 2> results/s7/eva_ma_s7_e01_No.err &
------------------------sleep------------------------
CUDA_VISIBLE_DEVICES=1 nohup python evaluate.py --scenario simple_reference --server-name server --benchmark  --perturb Optimal --save-dir models/s1/ma_s1_e01/ --exp-name eva_ma_s1_e01_Optimal > results/s1/eva_ma_s1_e01_Optimal.out 2> results/s1/eva_ma_s1_e01_Optimal.err &
------------------------sleep------------------------
CUDA_VISIBLE_DEVICES=1 nohup python evaluate.py --scenario simple_speaker_listener --server-name server --benchmark  --perturb Optimal --save-dir models/s2/ma_s2_e01/ --exp-name eva_ma_s2_e01_Optimal > results/s2/eva_ma_s2_e01_Optimal.out 2> results/s2/eva_ma_s2_e01_Optimal.err &
------------------------sleep------------------------
CUDA_VISIBLE_DEVICES=1 nohup python evaluate.py --scenario simple_spread --server-name server --benchmark  --perturb Optimal --save-dir models/s3/ma_s3_e01/ --exp-name eva_ma_s3_e01_Optimal > results/s3/eva_ma_s3_e01_Optimal.out 2> results/s3/eva_ma_s3_e01_Optimal.err &
------------------------sleep------------------------
CUDA_VISIBLE_DEVICES=1 nohup python evaluate.py --scenario simple_adversary --server-name server --benchmark  --perturb Optimal --save-dir models/s4/ma_s4_e01/ --exp-name eva_ma_s4_e01_Optimal > results/s4/eva_ma_s4_e01_Optimal.out 2> results/s4/eva_ma_s4_e01_Optimal.err &
------------------------sleep------------------------
CUDA_VISIBLE_DEVICES=1 nohup python evaluate.py --scenario simple_crypto --server-name server --benchmark  --perturb Optimal --save-dir models/s5/ma_s5_e01/ --exp-name eva_ma_s5_e01_Optimal > results/s5/eva_ma_s5_e01_Optimal.out 2> results/s5/eva_ma_s5_e01_Optimal.err &
------------------------sleep------------------------
CUDA_VISIBLE_DEVICES=1 nohup python evaluate.py --scenario simple_push --server-name server --benchmark  --perturb Optimal --save-dir models/s6/ma_s6_e01/ --exp-name eva_ma_s6_e01_Optimal > results/s6/eva_ma_s6_e01_Optimal.out 2> results/s6/eva_ma_s6_e01_Optimal.err &
------------------------sleep------------------------
CUDA_VISIBLE_DEVICES=1 nohup python evaluate.py --scenario simple_tag --server-name server --benchmark  --perturb Optimal --save-dir models/s7/ma_s7_e01/ --exp-name eva_ma_s7_e01_Optimal > results/s7/eva_ma_s7_e01_Optimal.out 2> results/s7/eva_ma_s7_e01_Optimal.err &
------------------------sleep------------------------
CUDA_VISIBLE_DEVICES=1 nohup python evaluate.py --scenario simple_reference --server-name server --benchmark  --perturb Random --save-dir models/s1/ma_s1_e01/ --exp-name eva_ma_s1_e01_Random > results/s1/eva_ma_s1_e01_Random.out 2> results/s1/eva_ma_s1_e01_Random.err &
------------------------sleep------------------------
CUDA_VISIBLE_DEVICES=1 nohup python evaluate.py --scenario simple_speaker_listener --server-name server --benchmark  --perturb Random --save-dir models/s2/ma_s2_e01/ --exp-name eva_ma_s2_e01_Random > results/s2/eva_ma_s2_e01_Random.out 2> results/s2/eva_ma_s2_e01_Random.err &
------------------------sleep------------------------
CUDA_VISIBLE_DEVICES=1 nohup python evaluate.py --scenario simple_spread --server-name server --benchmark  --perturb Random --save-dir models/s3/ma_s3_e01/ --exp-name eva_ma_s3_e01_Random > results/s3/eva_ma_s3_e01_Random.out 2> results/s3/eva_ma_s3_e01_Random.err &
------------------------sleep------------------------
CUDA_VISIBLE_DEVICES=1 nohup python evaluate.py --scenario simple_adversary --server-name server --benchmark  --perturb Random --save-dir models/s4/ma_s4_e01/ --exp-name eva_ma_s4_e01_Random > results/s4/eva_ma_s4_e01_Random.out 2> results/s4/eva_ma_s4_e01_Random.err &
------------------------sleep------------------------
CUDA_VISIBLE_DEVICES=1 nohup python evaluate.py --scenario simple_crypto --server-name server --benchmark  --perturb Random --save-dir models/s5/ma_s5_e01/ --exp-name eva_ma_s5_e01_Random > results/s5/eva_ma_s5_e01_Random.out 2> results/s5/eva_ma_s5_e01_Random.err &
------------------------sleep------------------------
CUDA_VISIBLE_DEVICES=1 nohup python evaluate.py --scenario simple_push --server-name server --benchmark  --perturb Random --save-dir models/s6/ma_s6_e01/ --exp-name eva_ma_s6_e01_Random > results/s6/eva_ma_s6_e01_Random.out 2> results/s6/eva_ma_s6_e01_Random.err &
------------------------sleep------------------------
CUDA_VISIBLE_DEVICES=1 nohup python evaluate.py --scenario simple_tag --server-name server --benchmark  --perturb Random --save-dir models/s7/ma_s7_e01/ --exp-name eva_ma_s7_e01_Random > results/s7/eva_ma_s7_e01_Random.out 2> results/s7/eva_ma_s7_e01_Random.err &
------------------------sleep------------------------
