[Discrete(34), Discrete(34), Discrete(34), Discrete(34), Discrete(28), Discrete(28)]
There is 6 adversaries
Using good policy maddpg and adv policy maddpg
Starting iterations...
Run iteration  1000
Run iteration  2000
Run iteration  3000
Run iteration  4000
Run iteration  5000
Run iteration  6000
Run iteration  7000
Run iteration  8000
Run iteration  9000
Run iteration  10000
Run iteration  11000
Run iteration  12000
Run iteration  13000
Run iteration  14000
Run iteration  15000
Run iteration  16000
Run iteration  17000
Run iteration  18000
Run iteration  19000
Run iteration  20000
Run iteration  21000
Run iteration  22000
Run iteration  23000
Run iteration  24000
Run iteration  25000
Run iteration  26000
Run iteration  27000
Run iteration  28000
Run iteration  29000
Run iteration  30000
Run iteration  31000
Run iteration  32000
Run iteration  33000
Run iteration  34000
Run iteration  35000
Run iteration  36000
Run iteration  37000
Run iteration  38000
Run iteration  39000
Run iteration  40000
Run iteration  41000
Run iteration  42000
Run iteration  43000
Run iteration  44000
Run iteration  45000
Run iteration  46000
Run iteration  47000
Run iteration  48000
Run iteration  49000
Run iteration  50000
Run iteration  51000
Run iteration  52000
Run iteration  53000
Run iteration  54000
Run iteration  55000
Run iteration  56000
Run iteration  57000
Run iteration  58000
Run iteration  59000
Run iteration  60000
Run iteration  61000
Run iteration  62000
Run iteration  63000
Run iteration  64000
Run iteration  65000
Run iteration  66000
Run iteration  67000
Run iteration  68000
Run iteration  69000
Run iteration  70000
Run iteration  71000
Run iteration  72000
Run iteration  73000
Run iteration  74000
Run iteration  75000
Run iteration  76000
Run iteration  77000
Run iteration  78000
Run iteration  79000
Run iteration  80000
Run iteration  81000
Run iteration  82000
Run iteration  83000
Run iteration  84000
Run iteration  85000
Run iteration  86000
Run iteration  87000
Run iteration  88000
Run iteration  89000
Run iteration  90000
Run iteration  91000
Run iteration  92000
Run iteration  93000
Run iteration  94000
Run iteration  95000
Run iteration  96000
Run iteration  97000
Run iteration  98000
Run iteration  99000
Run iteration  100000
Finished benchmarking, now saving...
